<?xml version="1.0" encoding="UTF-8"?>
<Site BuildName="(empty)"
	BuildStamp="20250331-1003-Experimental"
	Name="alebraglia-Victus-by-HP-Gaming-Laptop-16-r0xxx"
	Generator="ctest-3.22.1"
	CompilerName="/usr/bin/c++"
	CompilerVersion="11.4.0"
	OSName="Linux"
	Hostname="alebraglia-Victus-by-HP-Gaming-Laptop-16-r0xxx"
	OSRelease="6.8.0-52-generic"
	OSVersion="#53~22.04.1-Ubuntu SMP PREEMPT_DYNAMIC Wed Jan 15 19:18:46 UTC 2"
	OSPlatform="x86_64"
	Is64Bits="1"
	VendorString="GenuineIntel"
	VendorID="Intel Corporation"
	FamilyID="6"
	ModelID="186"
	ProcessorCacheSize="24576"
	NumberOfLogicalCPU="20"
	NumberOfPhysicalCPU="14"
	TotalVirtualMemory="2047"
	TotalPhysicalMemory="13662"
	LogicalProcessorsPerPhysical="1"
	ProcessorClockFrequency="733.826"
	>
	<Testing>
		<StartDateTime>Mar 31 19:19 CEST</StartDateTime>
		<StartTestTime>1743441542</StartTestTime>
		<TestList/>
		<EndDateTime>Mar 31 19:19 CEST</EndDateTime>
		<EndTestTime>1743441542</EndTestTime>
		<ElapsedMinutes>0</ElapsedMinutes>
	</Testing>
</Site>
